<?xml version="1.0" encoding="UTF-8"?>
<!-- Generated by org.testng.reporters.JUnitReportReporter -->
<testsuite hostname="DESKTOP-SBTNFQP" failures="0" tests="1" name="com.SportyShoes.restAssuredScripts.Get_All_Shoes" time="2.060" errors="0" timestamp="2023-11-15T14:48:03 IST" skipped="0">
  <testcase classname="com.SportyShoes.restAssuredScripts.Get_All_Shoes" name="get_all_shoes" time="2.060"/>
  <system-out/>
</testsuite> <!-- com.SportyShoes.restAssuredScripts.Get_All_Shoes -->
