<?xml version="1.0" encoding="UTF-8"?>
<!-- Generated by org.testng.reporters.JUnitReportReporter -->
<testsuite hostname="DESKTOP-SBTNFQP" failures="0" tests="3" name="com.sportyshoe.TestScripts.AddtoCartPageTest" time="0.703" errors="0" timestamp="2023-11-15T11:47:30 IST" skipped="0">
  <testcase classname="com.sportyshoe.TestScripts.AddtoCartPageTest" name="test_login" time="0.533"/>
  <system-out/>
  <testcase classname="com.sportyshoe.TestScripts.AddtoCartPageTest" name="test_add_product_to_cart" time="0.120"/>
  <system-out/>
  <testcase classname="com.sportyshoe.TestScripts.AddtoCartPageTest" name="test_validate_success_message" time="0.050"/>
  <system-out/>
</testsuite> <!-- com.sportyshoe.TestScripts.AddtoCartPageTest -->
