<?xml version="1.0" encoding="UTF-8"?>
<!-- Generated by org.testng.reporters.JUnitReportReporter -->
<testsuite hostname="DESKTOP-SBTNFQP" failures="0" tests="3" name="com.sportyshoe.TestScripts.OrderPageTest" time="0.764" errors="0" timestamp="2023-11-15T11:53:10 IST" skipped="0">
  <testcase classname="com.sportyshoe.TestScripts.OrderPageTest" name="test_login" time="0.586"/>
  <system-out/>
  <testcase classname="com.sportyshoe.TestScripts.OrderPageTest" name="test_click_orders" time="0.145"/>
  <system-out/>
  <testcase classname="com.sportyshoe.TestScripts.OrderPageTest" name="test_getTitle_page" time="0.033"/>
  <system-out/>
</testsuite> <!-- com.sportyshoe.TestScripts.OrderPageTest -->
