<?xml version="1.0" encoding="UTF-8"?>
<!-- Generated by org.testng.reporters.JUnitReportReporter -->
<testsuite hostname="DESKTOP-SBTNFQP" failures="0" tests="4" name="com.sportyshoe.TestScripts.LoginPageTest" time="0.821" errors="0" timestamp="2023-11-15T11:44:22 IST" skipped="0">
  <testcase classname="com.sportyshoe.TestScripts.LoginPageTest" name="test_login" time="0.644"/>
  <system-out/>
  <testcase classname="com.sportyshoe.TestScripts.LoginPageTest" name="test_getTitle_page" time="0.016"/>
  <system-out/>
  <testcase classname="com.sportyshoe.TestScripts.LoginPageTest" name="Test_validate_registration_Text" time="0.046"/>
  <system-out/>
  <testcase classname="com.sportyshoe.TestScripts.LoginPageTest" name="test_click_cart" time="0.115"/>
  <system-out/>
</testsuite> <!-- com.sportyshoe.TestScripts.LoginPageTest -->
