<?xml version="1.0" encoding="UTF-8"?>
<!-- Generated by org.testng.reporters.JUnitReportReporter -->
<testsuite hostname="DESKTOP-SBTNFQP" failures="0" tests="3" name="com.sportyshoe.TestScripts.HomePageTest" time="1.813" errors="0" timestamp="2023-11-15T11:40:18 IST" skipped="0">
  <testcase classname="com.sportyshoe.TestScripts.HomePageTest" name="test_getTitle_page" time="0.028"/>
  <system-out/>
  <testcase classname="com.sportyshoe.TestScripts.HomePageTest" name="Test_Validate_Text_On_Page" time="0.050"/>
  <system-out/>
  <testcase classname="com.sportyshoe.TestScripts.HomePageTest" name="test_click_register_link" time="1.735"/>
  <system-out/>
</testsuite> <!-- com.sportyshoe.TestScripts.HomePageTest -->
