<?xml version="1.0" encoding="UTF-8"?>
<!-- Generated by org.testng.reporters.JUnitReportReporter -->
<testsuite hostname="DESKTOP-SBTNFQP" failures="0" tests="1" name="com.SportyShoes.SeleniumCucumberScripts.SetUpCheck" time="8.428" errors="0" timestamp="2023-11-14T10:40:16 IST" skipped="0">
  <testcase classname="com.SportyShoes.SeleniumCucumberScripts.SetUpCheck" name="check" time="8.428"/>
  <system-out/>
</testsuite> <!-- com.SportyShoes.SeleniumCucumberScripts.SetUpCheck -->
