<?xml version="1.0" encoding="UTF-8"?>
<!-- Generated by org.testng.reporters.JUnitReportReporter -->
<testsuite hostname="DESKTOP-SBTNFQP" failures="0" tests="1" name="com.SportyShoes.restAssuredScripts.Delete_product" time="2.043" errors="0" timestamp="2023-11-15T14:54:29 IST" skipped="0">
  <testcase classname="com.SportyShoes.restAssuredScripts.Delete_product" name="delete_product" time="2.043"/>
  <system-out/>
</testsuite> <!-- com.SportyShoes.restAssuredScripts.Delete_product -->
