<?xml version="1.0" encoding="UTF-8"?>
<!-- Generated by org.testng.reporters.JUnitReportReporter -->
<testsuite hostname="DESKTOP-SBTNFQP" failures="0" tests="5" name="com.sportyshoe.TestScripts.RegisterPageTest" time="2.502" errors="0" timestamp="2023-11-15T11:34:15 IST" skipped="0">
  <testcase classname="com.sportyshoe.TestScripts.RegisterPageTest" name="test_click_register_link" time="1.799"/>
  <system-out/>
  <testcase classname="com.sportyshoe.TestScripts.RegisterPageTest" name="test_getTitle_page" time="0.031"/>
  <system-out/>
  <testcase classname="com.sportyshoe.TestScripts.RegisterPageTest" name="Test_register_user" time="0.582"/>
  <system-out/>
  <testcase classname="com.sportyshoe.TestScripts.RegisterPageTest" name="Test_validate_registration_URL" time="0.014"/>
  <system-out/>
  <testcase classname="com.sportyshoe.TestScripts.RegisterPageTest" name="Test_validate_registration_Text" time="0.076"/>
  <system-out/>
</testsuite> <!-- com.sportyshoe.TestScripts.RegisterPageTest -->
