<?xml version="1.0" encoding="UTF-8"?>
<!-- Generated by org.testng.reporters.JUnitReportReporter -->
<testsuite hostname="DESKTOP-SBTNFQP" failures="0" tests="1" name="com.SportyShoes.restAssuredScripts.Get_register_users" time="1.977" errors="0" timestamp="2023-11-15T14:48:53 IST" skipped="0">
  <testcase classname="com.SportyShoes.restAssuredScripts.Get_register_users" name="get_all_users" time="1.977"/>
  <system-out/>
</testsuite> <!-- com.SportyShoes.restAssuredScripts.Get_register_users -->
