<?xml version="1.0" encoding="UTF-8"?>
<!-- Generated by org.testng.reporters.JUnitReportReporter -->
<testsuite hostname="DESKTOP-SBTNFQP" failures="0" tests="1" name="com.SportyShoes.restAssuredScripts.Add_product" time="1.859" errors="0" timestamp="2023-11-15T14:51:34 IST" skipped="0">
  <testcase classname="com.SportyShoes.restAssuredScripts.Add_product" name="add_new_product" time="1.859"/>
  <system-out/>
</testsuite> <!-- com.SportyShoes.restAssuredScripts.Add_product -->
