<?xml version="1.0" encoding="UTF-8"?>
<!-- Generated by org.testng.reporters.JUnitReportReporter -->
<testsuite hostname="DESKTOP-SBTNFQP" failures="0" tests="1" name="com.SportyShoes.restAssuredScripts.Update_product" time="2.094" errors="0" timestamp="2023-11-15T14:56:07 IST" skipped="0">
  <testcase classname="com.SportyShoes.restAssuredScripts.Update_product" name="update_a_product" time="2.094"/>
  <system-out/>
</testsuite> <!-- com.SportyShoes.restAssuredScripts.Update_product -->
